{
  "0 debug pnpm:scope": {
    "selected": 1
  },
  "1 error pnpm": {
    "message": {
      "errno": 1,
      "code": "ELIFECYCLE",
      "pkgid": "react-starter@0.1.0",
      "stage": "start",
      "script": "react-scripts start",
      "pkgname": "react-starter"
    },
    "err": {
      "name": "Error",
      "message": "react-starter@0.1.0 start: `react-scripts start`\nExit status 1",
      "code": "ELIFECYCLE",
      "stack": "Error: react-starter@0.1.0 start: `react-scripts start`\nExit status 1\n    at EventEmitter.<anonymous> (/usr/local/lib/node_modules/pnpm/lib/node_modules/@zkochan/npm-lifecycle/index.js:302:16)\n    at EventEmitter.emit (events.js:316:20)\n    at ChildProcess.<anonymous> (/usr/local/lib/node_modules/pnpm/lib/node_modules/@zkochan/npm-lifecycle/lib/spawn.js:55:14)\n    at ChildProcess.emit (events.js:316:20)\n    at maybeClose (internal/child_process.js:1026:16)\n    at Process.ChildProcess._handle.onexit (internal/child_process.js:286:5)"
    }
  }
}